c:\users\leonardo\source\repos\minidraw2.0\x64\debug\viewwidget.obj
c:\users\leonardo\source\repos\minidraw2.0\x64\debug\crect.obj
c:\users\leonardo\source\repos\minidraw2.0\x64\debug\cpolygon.obj
c:\users\leonardo\source\repos\minidraw2.0\x64\debug\cline.obj
c:\users\leonardo\source\repos\minidraw2.0\x64\debug\main.obj
c:\users\leonardo\source\repos\minidraw2.0\x64\debug\minidraw20.obj
c:\users\leonardo\source\repos\minidraw2.0\x64\debug\cellipse.obj
c:\users\leonardo\source\repos\minidraw2.0\x64\debug\cfreehand.obj
c:\users\leonardo\source\repos\minidraw2.0\x64\debug\vc142.pdb
c:\users\leonardo\source\repos\minidraw2.0\x64\debug\qrc_minidraw20.obj
c:\users\leonardo\source\repos\minidraw2.0\x64\debug\cbezier.obj
c:\users\leonardo\source\repos\minidraw2.0\x64\debug\moc_viewwidget.obj
c:\users\leonardo\source\repos\minidraw2.0\x64\debug\moc_minidraw20.obj
c:\users\leonardo\source\repos\minidraw2.0\x64\debug\minidraw2.0.exe
c:\users\leonardo\source\repos\minidraw2.0\x64\debug\minidraw2.0.ilk
c:\users\leonardo\source\repos\minidraw2.0\x64\debug\minidraw2.0.pdb
c:\users\leonardo\source\repos\minidraw2.0\x64\debug\uic\ui_minidraw20.h
c:\users\leonardo\source\repos\minidraw2.0\x64\debug\uic\ui_viewwidget.h
c:\users\leonardo\source\repos\minidraw2.0\x64\debug\rcc\qrc_minidraw20.cpp
c:\users\leonardo\source\repos\minidraw2.0\x64\debug\moc\moc_minidraw20.cpp
c:\users\leonardo\source\repos\minidraw2.0\x64\debug\moc\moc_viewwidget.cpp
c:\users\leonardo\source\repos\minidraw2.0\x64\debug\minidraw2.0.tlog\cl.command.1.tlog
c:\users\leonardo\source\repos\minidraw2.0\x64\debug\minidraw2.0.tlog\cl.read.1.tlog
c:\users\leonardo\source\repos\minidraw2.0\x64\debug\minidraw2.0.tlog\cl.write.1.tlog
c:\users\leonardo\source\repos\minidraw2.0\x64\debug\minidraw2.0.tlog\link.command.1.tlog
c:\users\leonardo\source\repos\minidraw2.0\x64\debug\minidraw2.0.tlog\link.read.1.tlog
c:\users\leonardo\source\repos\minidraw2.0\x64\debug\minidraw2.0.tlog\link.write.1.tlog
c:\users\leonardo\source\repos\minidraw2.0\x64\debug\minidraw2.0.tlog\minidraw2.0.write.1u.tlog
c:\users\leonardo\source\repos\minidraw2.0\x64\debug\minidraw2.0.tlog\moc.read.1u.tlog
c:\users\leonardo\source\repos\minidraw2.0\x64\debug\minidraw2.0.tlog\moc.write.1u.tlog
c:\users\leonardo\source\repos\minidraw2.0\x64\debug\minidraw2.0.tlog\rcc.read.1u.tlog
c:\users\leonardo\source\repos\minidraw2.0\x64\debug\minidraw2.0.tlog\rcc.write.1u.tlog
c:\users\leonardo\source\repos\minidraw2.0\x64\debug\minidraw2.0.tlog\uic.read.1u.tlog
c:\users\leonardo\source\repos\minidraw2.0\x64\debug\minidraw2.0.tlog\uic.write.1u.tlog
